

Microchip MPLAB XC8 Assembler V2.41 build 20230208172133 
                                                                                               Wed Apr 26 22:50:28 2023

Microchip MPLAB XC8 C Compiler v2.41 (Free license) build 20230208172133 Og1 
     1                           	processor	18F4520
     2                           	fnconf	rparam,??,?,0
     3                           	pagewidth 120
     4                           	opt	flic
     5                           	psect	cinit,global,reloc=2,class=CODE,delta=1
     6                           	psect	cstackCOMRAM,global,class=COMRAM,space=1,delta=1,lowdata,noexec
     7                           	psect	text0,global,reloc=2,class=CODE,delta=1
     8                           	psect	intsave_regs,global,class=BIGRAM,space=1,delta=1,noexec
     9                           	psect	rparam,global,class=COMRAM,space=1,delta=1,noexec
    10                           	psect	idloc,global,abs,ovrld,class=IDLOC,space=5,delta=1,noexec
    11                           	psect	config,global,abs,ovrld,class=CONFIG,space=4,delta=1,noexec
    12   000000                     
    13                           ; Version 2.40
    14                           ; Generated 17/11/2021 GMT
    15                           ; 
    16                           ; Copyright © 2021, Microchip Technology Inc. and its subsidiaries ("Microchip")
    17                           ; All rights reserved.
    18                           ; 
    19                           ; This software is developed by Microchip Technology Inc. and its subsidiaries ("Microch
      +                          ip").
    20                           ; 
    21                           ; Redistribution and use in source and binary forms, with or without modification, are
    22                           ; permitted provided that the following conditions are met:
    23                           ; 
    24                           ;     1. Redistributions of source code must retain the above copyright notice, this lis
      +                          t of
    25                           ;        conditions and the following disclaimer.
    26                           ; 
    27                           ;     2. Redistributions in binary form must reproduce the above copyright notice, this 
      +                          list
    28                           ;        of conditions and the following disclaimer in the documentation and/or other
    29                           ;        materials provided with the distribution. Publication is not required when
    30                           ;        this file is used in an embedded application.
    31                           ; 
    32                           ;     3. Microchip's name may not be used to endorse or promote products derived from th
      +                          is
    33                           ;        software without specific prior written permission.
    34                           ; 
    35                           ; THIS SOFTWARE IS PROVIDED BY MICROCHIP "AS IS" AND ANY EXPRESS OR IMPLIED WARRANTIES,
    36                           ; INCLUDING, BUT NOT LIMITED TO, THE IMPLIED WARRANTIES OF MERCHANTABILITY AND FITNESS F
      +                          OR
    37                           ; PURPOSE ARE DISCLAIMED.  IN NO EVENT SHALL MICROCHIP BE LIABLE FOR ANY DIRECT, INDIREC
      +                          T,
    38                           ; INCIDENTAL, SPECIAL, EXEMPLARY, OR CONSEQUENTIAL DAMAGES (INCLUDING BUT NOT LIMITED TO
    39                           ; PROCUREMENT OF SUBSTITUTE GOODS OR SERVICES; LOSS OF USE, DATA OR PROFITS; OR BUSINESS
    40                           ; INTERRUPTION) HOWSOEVER CAUSED AND ON ANY THEORY OF LIABILITY, WHETHER IN CONTRACT, ST
      +                          RICT
    41                           ; LIABILITY, OR TORT (INCLUDING NEGLIGENCE OR OTHERWISE) ARISING IN ANY WAY OUT OF THE U
      +                          SE OF
    42                           ; THIS SOFTWARE, EVEN IF ADVISED OF THE POSSIBILITY OF SUCH DAMAGE.
    43                           ; 
    44                           ; 
    45                           ; Code-generator required, PIC18F4520 Definitions
    46                           ; 
    47                           ; SFR Addresses
    48   000000                     _PORTBbits	set	3969
    49   000000                     _PORTD	set	3971
    50   000000                     _TRISD	set	3989
    51                           
    52                           ; #config settings
    53                           
    54                           	psect	cinit
    55   006EEC                     __pcinit:
    56                           	callstack 0
    57   006EEC                     start_initialization:
    58                           	callstack 0
    59   006EEC                     __initialization:
    60                           	callstack 0
    61   006EEC                     end_of_initialization:
    62                           	callstack 0
    63   006EEC                     __end_of__initialization:
    64                           	callstack 0
    65   006EEC  0100               	movlb	0
    66   006EEE  EF79  F037         	goto	_main	;jump to C main() function
    67                           
    68                           	psect	cstackCOMRAM
    69   000001                     __pcstackCOMRAM:
    70                           	callstack 0
    71   000001                     ??_main:
    72                           
    73                           ; 1 bytes @ 0x0
    74   000001                     	ds	1
    75   000002                     main@pressedRB0:
    76                           	callstack 0
    77                           
    78                           ; 1 bytes @ 0x1
    79   000002                     	ds	1
    80   000003                     main@pressedRB1:
    81                           	callstack 0
    82                           
    83                           ; 1 bytes @ 0x2
    84   000003                     	ds	1
    85   000004                     main@binaryValue:
    86                           	callstack 0
    87                           
    88                           ; 1 bytes @ 0x3
    89   000004                     	ds	1
    90                           
    91 ;;
    92 ;;Main: autosize = 0, tempsize = 1, incstack = 0, save=0
    93 ;;
    94 ;; *************** function _main *****************
    95 ;; Defined at:
    96 ;;		line 7 in file "newmain.c"
    97 ;; Parameters:    Size  Location     Type
    98 ;;		None
    99 ;; Auto vars:     Size  Location     Type
   100 ;;  binaryValue     1    3[COMRAM] unsigned char 
   101 ;;  pressedRB1      1    2[COMRAM] unsigned char 
   102 ;;  pressedRB0      1    1[COMRAM] unsigned char 
   103 ;; Return value:  Size  Location     Type
   104 ;;                  1    wreg      void 
   105 ;; Registers used:
   106 ;;		wreg, status,2, status,0
   107 ;; Tracked objects:
   108 ;;		On entry : 0/0
   109 ;;		On exit  : 0/0
   110 ;;		Unchanged: 0/0
   111 ;; Data sizes:     COMRAM   BANK0   BANK1   BANK2   BANK3   BANK4   BANK5
   112 ;;      Params:         0       0       0       0       0       0       0
   113 ;;      Locals:         3       0       0       0       0       0       0
   114 ;;      Temps:          1       0       0       0       0       0       0
   115 ;;      Totals:         4       0       0       0       0       0       0
   116 ;;Total ram usage:        4 bytes
   117 ;; This function calls:
   118 ;;		Nothing
   119 ;; This function is called by:
   120 ;;		Startup code after reset
   121 ;; This function uses a non-reentrant model
   122 ;;
   123                           
   124                           	psect	text0
   125   006EF2                     __ptext0:
   126                           	callstack 0
   127   006EF2                     _main:
   128                           	callstack 31
   129   006EF2                     
   130                           ;newmain.c: 8:     unsigned char pressedRB1 = 0;
   131   006EF2  0E00               	movlw	0
   132   006EF4  6E95               	movwf	149,c	;volatile
   133                           
   134                           ;newmain.c: 9: 
   135   006EF6  0E00               	movlw	0
   136   006EF8  6E83               	movwf	131,c	;volatile
   137                           
   138                           ;newmain.c: 11: 
   139   006EFA  0E00               	movlw	0
   140   006EFC  6E04               	movwf	main@binaryValue^0,c
   141                           
   142                           ;newmain.c: 12:         if (PORTBbits.RB0 == 0 && pressedRB0 == 0) {
   143   006EFE  0E00               	movlw	0
   144   006F00  6E02               	movwf	main@pressedRB0^0,c
   145                           
   146                           ;newmain.c: 13:             _delay((unsigned long)((20)*(16000000/4000.0)));
   147   006F02  0E00               	movlw	0
   148   006F04  6E03               	movwf	main@pressedRB1^0,c
   149   006F06                     l706:
   150                           
   151                           ;newmain.c: 17:                 } else{
   152   006F06  B081               	btfsc	129,0,c	;volatile
   153   006F08  EF88  F037         	goto	u11
   154   006F0C  EF8A  F037         	goto	u10
   155   006F10                     u11:
   156   006F10  EFB1  F037         	goto	l14
   157   006F14                     u10:
   158   006F14  5002               	movf	main@pressedRB0^0,w,c
   159   006F16  A4D8               	btfss	status,2,c
   160   006F18  EF90  F037         	goto	u21
   161   006F1C  EF92  F037         	goto	u20
   162   006F20                     u21:
   163   006F20  EFB1  F037         	goto	l14
   164   006F24                     u20:
   165   006F24                     
   166                           ;newmain.c: 18:                     binaryValue++;
   167   006F24  0E68               	movlw	104
   168   006F26  6E01               	movwf	??_main^0,c
   169   006F28  0EE4               	movlw	228
   170   006F2A                     u117:
   171   006F2A  2EE8               	decfsz	wreg,f,c
   172   006F2C  D7FE               	bra	u117
   173   006F2E  2E01               	decfsz	??_main^0,f,c
   174   006F30  D7FC               	bra	u117
   175   006F32  D000               	nop2	
   176   006F34                     
   177                           ;newmain.c: 19:                 }
   178   006F34  B081               	btfsc	129,0,c	;volatile
   179   006F36  EF9F  F037         	goto	u31
   180   006F3A  EFA1  F037         	goto	u30
   181   006F3E                     u31:
   182   006F3E  EFBA  F037         	goto	l724
   183   006F42                     u30:
   184   006F42                     
   185                           ;newmain.c: 20:                 pressedRB0 = 1;
   186   006F42  2804               	incf	main@binaryValue^0,w,c
   187   006F44  A4D8               	btfss	status,2,c
   188   006F46  EFA7  F037         	goto	u41
   189   006F4A  EFA9  F037         	goto	u40
   190   006F4E                     u41:
   191   006F4E  EFAC  F037         	goto	l718
   192   006F52                     u40:
   193   006F52                     
   194                           ;newmain.c: 21:             }
   195   006F52  6804               	setf	main@binaryValue^0,c
   196                           
   197                           ;newmain.c: 22:         } else if (PORTBbits.RB0 == 1) {
   198   006F54  EFAD  F037         	goto	l720
   199   006F58                     l718:
   200                           
   201                           ;newmain.c: 23:             pressedRB0 = 0;
   202   006F58  2A04               	incf	main@binaryValue^0,f,c
   203   006F5A                     l720:
   204                           
   205                           ;newmain.c: 25: 
   206   006F5A  0E01               	movlw	1
   207   006F5C  6E02               	movwf	main@pressedRB0^0,c
   208   006F5E  EFBA  F037         	goto	l724
   209   006F62                     l14:
   210   006F62  A081               	btfss	129,0,c	;volatile
   211   006F64  EFB6  F037         	goto	u51
   212   006F68  EFB8  F037         	goto	u50
   213   006F6C                     u51:
   214   006F6C  EFBA  F037         	goto	l724
   215   006F70                     u50:
   216   006F70                     
   217                           ;newmain.c: 28:             _delay((unsigned long)((20)*(16000000/4000.0)));
   218   006F70  0E00               	movlw	0
   219   006F72  6E02               	movwf	main@pressedRB0^0,c
   220   006F74                     l724:
   221                           
   222                           ;newmain.c: 32:                 }else{
   223   006F74  B281               	btfsc	129,1,c	;volatile
   224   006F76  EFBF  F037         	goto	u61
   225   006F7A  EFC1  F037         	goto	u60
   226   006F7E                     u61:
   227   006F7E  EFE9  F037         	goto	l20
   228   006F82                     u60:
   229   006F82  5003               	movf	main@pressedRB1^0,w,c
   230   006F84  A4D8               	btfss	status,2,c
   231   006F86  EFC7  F037         	goto	u71
   232   006F8A  EFC9  F037         	goto	u70
   233   006F8E                     u71:
   234   006F8E  EFE9  F037         	goto	l20
   235   006F92                     u70:
   236   006F92                     
   237                           ;newmain.c: 33:                     binaryValue--;
   238   006F92  0E68               	movlw	104
   239   006F94  6E01               	movwf	??_main^0,c
   240   006F96  0EE4               	movlw	228
   241   006F98                     u127:
   242   006F98  2EE8               	decfsz	wreg,f,c
   243   006F9A  D7FE               	bra	u127
   244   006F9C  2E01               	decfsz	??_main^0,f,c
   245   006F9E  D7FC               	bra	u127
   246   006FA0  D000               	nop2	
   247   006FA2                     
   248                           ;newmain.c: 34:                 }
   249   006FA2  B281               	btfsc	129,1,c	;volatile
   250   006FA4  EFD6  F037         	goto	u81
   251   006FA8  EFD8  F037         	goto	u80
   252   006FAC                     u81:
   253   006FAC  EFF2  F037         	goto	l742
   254   006FB0                     u80:
   255   006FB0                     
   256                           ;newmain.c: 35:                 pressedRB1 = 1;
   257   006FB0  5004               	movf	main@binaryValue^0,w,c
   258   006FB2  A4D8               	btfss	status,2,c
   259   006FB4  EFDE  F037         	goto	u91
   260   006FB8  EFE0  F037         	goto	u90
   261   006FBC                     u91:
   262   006FBC  EFE4  F037         	goto	l736
   263   006FC0                     u90:
   264   006FC0                     
   265                           ;newmain.c: 36:             }
   266   006FC0  0E00               	movlw	0
   267   006FC2  6E04               	movwf	main@binaryValue^0,c
   268                           
   269                           ;newmain.c: 37:         } else if (PORTBbits.RB1 == 1) {
   270   006FC4  EFE5  F037         	goto	l738
   271   006FC8                     l736:
   272                           
   273                           ;newmain.c: 38:             pressedRB1 = 0;
   274   006FC8  0604               	decf	main@binaryValue^0,f,c
   275   006FCA                     l738:
   276                           
   277                           ;newmain.c: 40: 
   278   006FCA  0E01               	movlw	1
   279   006FCC  6E03               	movwf	main@pressedRB1^0,c
   280   006FCE  EFF2  F037         	goto	l742
   281   006FD2                     l20:
   282   006FD2  A281               	btfss	129,1,c	;volatile
   283   006FD4  EFEE  F037         	goto	u101
   284   006FD8  EFF0  F037         	goto	u100
   285   006FDC                     u101:
   286   006FDC  EFF2  F037         	goto	l742
   287   006FE0                     u100:
   288   006FE0                     
   289                           ;newmain.c: 43:         _delay((unsigned long)((5)*(16000000/4000.0)));
   290   006FE0  0E00               	movlw	0
   291   006FE2  6E03               	movwf	main@pressedRB1^0,c
   292   006FE4                     l742:
   293   006FE4  C004  FF83         	movff	main@binaryValue,3971	;volatile
   294   006FE8  0E1A               	movlw	26
   295   006FEA  6E01               	movwf	??_main^0,c
   296   006FEC  0EF8               	movlw	248
   297   006FEE                     u137:
   298   006FEE  2EE8               	decfsz	wreg,f,c
   299   006FF0  D7FE               	bra	u137
   300   006FF2  2E01               	decfsz	??_main^0,f,c
   301   006FF4  D7FC               	bra	u137
   302   006FF6  D000               	nop2	
   303   006FF8  EF83  F037         	goto	l706
   304   006FFC  EF00  F000         	goto	start
   305   007000                     __end_of_main:
   306                           	callstack 0
   307   000000                     
   308                           	psect	rparam
   309   000000                     
   310                           	psect	idloc
   311                           
   312                           ;Config register IDLOC0 @ 0x200000
   313                           ;	unspecified, using default values
   314   200000                     	org	2097152
   315   200000  FF                 	db	255
   316                           
   317                           ;Config register IDLOC1 @ 0x200001
   318                           ;	unspecified, using default values
   319   200001                     	org	2097153
   320   200001  FF                 	db	255
   321                           
   322                           ;Config register IDLOC2 @ 0x200002
   323                           ;	unspecified, using default values
   324   200002                     	org	2097154
   325   200002  FF                 	db	255
   326                           
   327                           ;Config register IDLOC3 @ 0x200003
   328                           ;	unspecified, using default values
   329   200003                     	org	2097155
   330   200003  FF                 	db	255
   331                           
   332                           ;Config register IDLOC4 @ 0x200004
   333                           ;	unspecified, using default values
   334   200004                     	org	2097156
   335   200004  FF                 	db	255
   336                           
   337                           ;Config register IDLOC5 @ 0x200005
   338                           ;	unspecified, using default values
   339   200005                     	org	2097157
   340   200005  FF                 	db	255
   341                           
   342                           ;Config register IDLOC6 @ 0x200006
   343                           ;	unspecified, using default values
   344   200006                     	org	2097158
   345   200006  FF                 	db	255
   346                           
   347                           ;Config register IDLOC7 @ 0x200007
   348                           ;	unspecified, using default values
   349   200007                     	org	2097159
   350   200007  FF                 	db	255
   351                           
   352                           	psect	config
   353                           
   354                           ; Padding undefined space
   355   300000                     	org	3145728
   356   300000  FF                 	db	255
   357                           
   358                           ;Config register CONFIG1H @ 0x300001
   359                           ;	Oscillator Selection bits
   360                           ;	OSC = HS, HS oscillator
   361                           ;	Fail-Safe Clock Monitor Enable bit
   362                           ;	FCMEN = 0x0, unprogrammed default
   363                           ;	Internal/External Oscillator Switchover bit
   364                           ;	IESO = 0x0, unprogrammed default
   365   300001                     	org	3145729
   366   300001  02                 	db	2
   367                           
   368                           ;Config register CONFIG2L @ 0x300002
   369                           ;	Power-up Timer Enable bit
   370                           ;	PWRT = 0x1, unprogrammed default
   371                           ;	Brown-out Reset Enable bits
   372                           ;	BOREN = OFF, Brown-out Reset disabled in hardware and software
   373                           ;	Brown Out Reset Voltage bits
   374                           ;	BORV = 0x3, unprogrammed default
   375   300002                     	org	3145730
   376   300002  19                 	db	25
   377                           
   378                           ;Config register CONFIG2H @ 0x300003
   379                           ;	Watchdog Timer Enable bit
   380                           ;	WDT = OFF, WDT disabled (control is placed on the SWDTEN bit)
   381                           ;	Watchdog Timer Postscale Select bits
   382                           ;	WDTPS = 0xF, unprogrammed default
   383   300003                     	org	3145731
   384   300003  1E                 	db	30
   385                           
   386                           ; Padding undefined space
   387   300004                     	org	3145732
   388   300004  FF                 	db	255
   389                           
   390                           ;Config register CONFIG3H @ 0x300005
   391                           ;	unspecified, using default values
   392                           ;	CCP2 MUX bit
   393                           ;	CCP2MX = 0x1, unprogrammed default
   394                           ;	PORTB A/D Enable bit
   395                           ;	PBADEN = 0x1, unprogrammed default
   396                           ;	Low-Power Timer1 Oscillator Enable bit
   397                           ;	LPT1OSC = 0x0, unprogrammed default
   398                           ;	MCLR Pin Enable bit
   399                           ;	MCLRE = 0x1, unprogrammed default
   400   300005                     	org	3145733
   401   300005  83                 	db	131
   402                           
   403                           ;Config register CONFIG4L @ 0x300006
   404                           ;	unspecified, using default values
   405                           ;	Stack Full/Underflow Reset Enable bit
   406                           ;	STVREN = 0x1, unprogrammed default
   407                           ;	Single-Supply ICSP Enable bit
   408                           ;	LVP = 0x1, unprogrammed default
   409                           ;	Extended Instruction Set Enable bit
   410                           ;	XINST = 0x0, unprogrammed default
   411                           ;	Background Debugger Enable bit
   412                           ;	DEBUG = 0x1, unprogrammed default
   413   300006                     	org	3145734
   414   300006  85                 	db	133
   415                           
   416                           ; Padding undefined space
   417   300007                     	org	3145735
   418   300007  FF                 	db	255
   419                           
   420                           ;Config register CONFIG5L @ 0x300008
   421                           ;	unspecified, using default values
   422                           ;	Code Protection bit
   423                           ;	CP0 = 0x1, unprogrammed default
   424                           ;	Code Protection bit
   425                           ;	CP1 = 0x1, unprogrammed default
   426                           ;	Code Protection bit
   427                           ;	CP2 = 0x1, unprogrammed default
   428                           ;	Code Protection bit
   429                           ;	CP3 = 0x1, unprogrammed default
   430   300008                     	org	3145736
   431   300008  0F                 	db	15
   432                           
   433                           ;Config register CONFIG5H @ 0x300009
   434                           ;	unspecified, using default values
   435                           ;	Boot Block Code Protection bit
   436                           ;	CPB = 0x1, unprogrammed default
   437                           ;	Data EEPROM Code Protection bit
   438                           ;	CPD = 0x1, unprogrammed default
   439   300009                     	org	3145737
   440   300009  C0                 	db	192
   441                           
   442                           ;Config register CONFIG6L @ 0x30000A
   443                           ;	unspecified, using default values
   444                           ;	Write Protection bit
   445                           ;	WRT0 = 0x1, unprogrammed default
   446                           ;	Write Protection bit
   447                           ;	WRT1 = 0x1, unprogrammed default
   448                           ;	Write Protection bit
   449                           ;	WRT2 = 0x1, unprogrammed default
   450                           ;	Write Protection bit
   451                           ;	WRT3 = 0x1, unprogrammed default
   452   30000A                     	org	3145738
   453   30000A  0F                 	db	15
   454                           
   455                           ;Config register CONFIG6H @ 0x30000B
   456                           ;	unspecified, using default values
   457                           ;	Configuration Register Write Protection bit
   458                           ;	WRTC = 0x1, unprogrammed default
   459                           ;	Boot Block Write Protection bit
   460                           ;	WRTB = 0x1, unprogrammed default
   461                           ;	Data EEPROM Write Protection bit
   462                           ;	WRTD = 0x1, unprogrammed default
   463   30000B                     	org	3145739
   464   30000B  E0                 	db	224
   465                           
   466                           ;Config register CONFIG7L @ 0x30000C
   467                           ;	unspecified, using default values
   468                           ;	Table Read Protection bit
   469                           ;	EBTR0 = 0x1, unprogrammed default
   470                           ;	Table Read Protection bit
   471                           ;	EBTR1 = 0x1, unprogrammed default
   472                           ;	Table Read Protection bit
   473                           ;	EBTR2 = 0x1, unprogrammed default
   474                           ;	Table Read Protection bit
   475                           ;	EBTR3 = 0x1, unprogrammed default
   476   30000C                     	org	3145740
   477   30000C  0F                 	db	15
   478                           
   479                           ;Config register CONFIG7H @ 0x30000D
   480                           ;	unspecified, using default values
   481                           ;	Boot Block Table Read Protection bit
   482                           ;	EBTRB = 0x1, unprogrammed default
   483   30000D                     	org	3145741
   484   30000D  40                 	db	64
   485                           tosu	equ	0xFFF
   486                           tosh	equ	0xFFE
   487                           tosl	equ	0xFFD
   488                           stkptr	equ	0xFFC
   489                           pclatu	equ	0xFFB
   490                           pclath	equ	0xFFA
   491                           pcl	equ	0xFF9
   492                           tblptru	equ	0xFF8
   493                           tblptrh	equ	0xFF7
   494                           tblptrl	equ	0xFF6
   495                           tablat	equ	0xFF5
   496                           prodh	equ	0xFF4
   497                           prodl	equ	0xFF3
   498                           indf0	equ	0xFEF
   499                           postinc0	equ	0xFEE
   500                           postdec0	equ	0xFED
   501                           preinc0	equ	0xFEC
   502                           plusw0	equ	0xFEB
   503                           fsr0h	equ	0xFEA
   504                           fsr0l	equ	0xFE9
   505                           wreg	equ	0xFE8
   506                           indf1	equ	0xFE7
   507                           postinc1	equ	0xFE6
   508                           postdec1	equ	0xFE5
   509                           preinc1	equ	0xFE4
   510                           plusw1	equ	0xFE3
   511                           fsr1h	equ	0xFE2
   512                           fsr1l	equ	0xFE1
   513                           bsr	equ	0xFE0
   514                           indf2	equ	0xFDF
   515                           postinc2	equ	0xFDE
   516                           postdec2	equ	0xFDD
   517                           preinc2	equ	0xFDC
   518                           plusw2	equ	0xFDB
   519                           fsr2h	equ	0xFDA
   520                           fsr2l	equ	0xFD9
   521                           status	equ	0xFD8

Data Sizes:
    Strings     0
    Constant    0
    Data        0
    BSS         0
    Persistent  0
    Stack       0

Auto Spaces:
    Space          Size  Autos    Used
    COMRAM          127      4       4
    BANK0           128      0       0
    BANK1           256      0       0
    BANK2           256      0       0
    BANK3           256      0       0
    BANK4           256      0       0
    BANK5           256      0       0

Pointer List with Targets:

    None.

Critical Paths under _main in COMRAM

    None.

Critical Paths under _main in BANK0

    None.

Critical Paths under _main in BANK1

    None.

Critical Paths under _main in BANK2

    None.

Critical Paths under _main in BANK3

    None.

Critical Paths under _main in BANK4

    None.

Critical Paths under _main in BANK5

    None.

Call Graph Tables:

 ---------------------------------------------------------------------------------
 (Depth) Function   	        Calls       Base Space   Used Autos Params    Refs
 ---------------------------------------------------------------------------------
 (0) _main                                                 4     4      0      75
                                              0 COMRAM     4     4      0
 ---------------------------------------------------------------------------------
 Estimated maximum stack depth 0
 ---------------------------------------------------------------------------------

 Call Graph Graphs:

 _main (ROOT)

 Address spaces:
Name               Size   Autos  Total    Cost      Usage
BITCOMRAM           7F      0       0       0        0.0%
EEDATA             100      0       0       0        0.0%
NULL                 0      0       0       0        0.0%
CODE                 0      0       0       0        0.0%
COMRAM              7F      4       4       1        3.1%
STACK                0      0       0       2        0.0%
DATA                 0      0       0       3        0.0%
BITBANK0            80      0       0       4        0.0%
BANK0               80      0       0       5        0.0%
BITBANK1           100      0       0       6        0.0%
BANK1              100      0       0       7        0.0%
BITBANK2           100      0       0       8        0.0%
BANK2              100      0       0       9        0.0%
BITBANK3           100      0       0      10        0.0%
BANK3              100      0       0      11        0.0%
BITBANK4           100      0       0      12        0.0%
BANK4              100      0       0      13        0.0%
BITBANK5           100      0       0      14        0.0%
BANK5              100      0       0      15        0.0%
BITBIGSFRh          6A      0       0      16        0.0%
BITBIGSFRlh         11      0       0      17        0.0%
BITBIGSFRllh         1      0       0      18        0.0%
BITBIGSFRlll         1      0       0      19        0.0%
ABS                  0      0       0      20        0.0%
BIGRAM             5FF      0       0      21        0.0%
BIGSFR               0      0       0     200        0.0%
BITSFR               0      0       0     200        0.0%
SFR                  0      0       0     200        0.0%


Microchip Technology PIC18 Macro Assembler V2.41 build 20230208172133 
Symbol Table                                                                                   Wed Apr 26 22:50:28 2023

                     l20 6FD2                       l14 6F62                       u10 6F14  
                     u11 6F10                       u20 6F24                       u21 6F20  
                     u30 6F42                       u31 6F3E                       u40 6F52  
                     u41 6F4E                       u50 6F70                       u51 6F6C  
                     u60 6F82                       u61 6F7E                       u70 6F92  
                     u71 6F8E                       u80 6FB0                       u81 6FAC  
                     u90 6FC0                       u91 6FBC                      l710 6F24  
                    l720 6F5A                      l712 6F34                      l704 6EF2  
                    l730 6FA2                      l722 6F70                      l714 6F42  
                    l706 6F06                      l740 6FE0                      l732 6FB0  
                    l716 6F52                      l724 6F74                      l708 6F14  
                    l734 6FC0                      l742 6FE4                      l726 6F82  
                    l718 6F58                      l744 6FE8                      l736 6FC8  
                    l728 6F92                      l738 6FCA                      u100 6FE0  
                    u101 6FDC                      u117 6F2A                      u127 6F98  
                    u137 6FEE                      wreg 0FE8                     _main 6EF2  
                   start 0000             ___param_bank 0000                    ?_main 0001  
                  _PORTD 0F83                    _TRISD 0F95                    status 0FD8  
        __initialization 6EEC             __end_of_main 7000                   ??_main 0001  
          __activetblptr 0000                   isa$std 0001               __accesstop 0080  
__end_of__initialization 6EEC            ___rparam_used 0001           __pcstackCOMRAM 0001  
                __Hparam 0000                  __Lparam 0000                  __pcinit 6EEC  
                __ramtop 0600                  __ptext0 6EF2     end_of_initialization 6EEC  
         main@pressedRB0 0002           main@pressedRB1 0003                _PORTBbits 0F81  
    start_initialization 6EEC          main@binaryValue 0004                 __Hrparam 0000  
               __Lrparam 0000                 isa$xinst 0000  
